# JRE version: OpenJDK Runtime Environment (8.0_131-b11) (build 1.8.0_131-8u131-b11-2ubuntu1.16.04.3-b11)
# Java VM: OpenJDK 64-Bit Server VM (25.131-b11 mixed mode linux-amd64 compressed oops)
Heap:
 PSYoungGen      total 81920K, used 13296K [0x00000000ebe00000, 0x00000000f2080000, 0x0000000100000000)
  eden space 68608K, 0% used [0x00000000ebe00000,0x00000000ebe00000,0x00000000f0100000)
  from space 13312K, 99% used [0x00000000f0100000,0x00000000f0dfc030,0x00000000f0e00000)
  to   space 10752K, 0% used [0x00000000f0e00000,0x00000000f0e00000,0x00000000f1880000)
 ParOldGen       total 86528K, used 63058K [0x00000000c3a00000, 0x00000000c8e80000, 0x00000000ebe00000)
  object space 86528K, 72% used [0x00000000c3a00000,0x00000000c77949a0,0x00000000c8e80000)
 Metaspace       used 42394K, capacity 44154K, committed 44416K, reserved 1087488K
  class space    used 5502K, capacity 5917K, committed 6016K, reserved 1048576K
GC Heap History (10 events):
Event: 12.406 GC heap after
Heap after GC invocations=12 (full 2):
 PSYoungGen      total 47616K, used 3988K [0x00000000ebe00000, 0x00000000ef500000, 0x0000000100000000)
  eden space 39936K, 0% used [0x00000000ebe00000,0x00000000ebe00000,0x00000000ee500000)
  from space 7680K, 51% used [0x00000000eec80000,0x00000000ef065288,0x00000000ef400000)
  to   space 7680K, 0% used [0x00000000ee500000,0x00000000ee500000,0x00000000eec80000)
 ParOldGen       total 86528K, used 43717K [0x00000000c3a00000, 0x00000000c8e80000, 0x00000000ebe00000)
  object space 86528K, 50% used [0x00000000c3a00000,0x00000000c64b15b8,0x00000000c8e80000)
 Metaspace       used 33669K, capacity 34480K, committed 34688K, reserved 1079296K
  class space    used 4478K, capacity 4714K, committed 4736K, reserved 1048576K
}
Event: 13.096 GC heap before
{Heap before GC invocations=13 (full 2):
 PSYoungGen      total 47616K, used 43924K [0x00000000ebe00000, 0x00000000ef500000, 0x0000000100000000)
  eden space 39936K, 100% used [0x00000000ebe00000,0x00000000ee500000,0x00000000ee500000)
  from space 7680K, 51% used [0x00000000eec80000,0x00000000ef065288,0x00000000ef400000)
  to   space 7680K, 0% used [0x00000000ee500000,0x00000000ee500000,0x00000000eec80000)
 ParOldGen       total 86528K, used 43717K [0x00000000c3a00000, 0x00000000c8e80000, 0x00000000ebe00000)
  object space 86528K, 50% used [0x00000000c3a00000,0x00000000c64b15b8,0x00000000c8e80000)
 Metaspace       used 37159K, capacity 38086K, committed 38528K, reserved 1083392K
  class space    used 4895K, capacity 5183K, committed 5248K, reserved 1048576K
Event: 13.105 GC heap after
Heap after GC invocations=13 (full 2):
 PSYoungGen      total 47616K, used 5834K [0x00000000ebe00000, 0x00000000f0200000, 0x0000000100000000)
  eden space 39936K, 0% used [0x00000000ebe00000,0x00000000ebe00000,0x00000000ee500000)
  from space 7680K, 75% used [0x00000000ee500000,0x00000000eeab2b98,0x00000000eec80000)
  to   space 7680K, 0% used [0x00000000efa80000,0x00000000efa80000,0x00000000f0200000)
 ParOldGen       total 86528K, used 43725K [0x00000000c3a00000, 0x00000000c8e80000, 0x00000000ebe00000)
  object space 86528K, 50% used [0x00000000c3a00000,0x00000000c64b35b8,0x00000000c8e80000)
 Metaspace       used 37159K, capacity 38086K, committed 38528K, reserved 1083392K
  class space    used 4895K, capacity 5183K, committed 5248K, reserved 1048576K
}
Event: 14.935 GC heap before
{Heap before GC invocations=14 (full 2):
 PSYoungGen      total 47616K, used 45770K [0x00000000ebe00000, 0x00000000f0200000, 0x0000000100000000)
  eden space 39936K, 100% used [0x00000000ebe00000,0x00000000ee500000,0x00000000ee500000)
  from space 7680K, 75% used [0x00000000ee500000,0x00000000eeab2b98,0x00000000eec80000)
  to   space 7680K, 0% used [0x00000000efa80000,0x00000000efa80000,0x00000000f0200000)
 ParOldGen       total 86528K, used 43725K [0x00000000c3a00000, 0x00000000c8e80000, 0x00000000ebe00000)
  object space 86528K, 50% used [0x00000000c3a00000,0x00000000c64b35b8,0x00000000c8e80000)
 Metaspace       used 40697K, capacity 42092K, committed 42368K, reserved 1085440K
  class space    used 5348K, capacity 5712K, committed 5760K, reserved 1048576K
Event: 14.954 GC heap after
Heap after GC invocations=14 (full 2):
 PSYoungGen      total 59392K, used 7648K [0x00000000ebe00000, 0x00000000f0680000, 0x0000000100000000)
  eden space 51712K, 0% used [0x00000000ebe00000,0x00000000ebe00000,0x00000000ef080000)
  from space 7680K, 99% used [0x00000000efa80000,0x00000000f01f8010,0x00000000f0200000)
  to   space 10240K, 0% used [0x00000000ef080000,0x00000000ef080000,0x00000000efa80000)
 ParOldGen       total 86528K, used 48241K [0x00000000c3a00000, 0x00000000c8e80000, 0x00000000ebe00000)
  object space 86528K, 55% used [0x00000000c3a00000,0x00000000c691c498,0x00000000c8e80000)
 Metaspace       used 40697K, capacity 42092K, committed 42368K, reserved 1085440K
  class space    used 5348K, capacity 5712K, committed 5760K, reserved 1048576K
}
Event: 16.037 GC heap before
{Heap before GC invocations=15 (full 2):
 PSYoungGen      total 59392K, used 59360K [0x00000000ebe00000, 0x00000000f0680000, 0x0000000100000000)
  eden space 51712K, 100% used [0x00000000ebe00000,0x00000000ef080000,0x00000000ef080000)
  from space 7680K, 99% used [0x00000000efa80000,0x00000000f01f8010,0x00000000f0200000)
  to   space 10240K, 0% used [0x00000000ef080000,0x00000000ef080000,0x00000000efa80000)
 ParOldGen       total 86528K, used 48241K [0x00000000c3a00000, 0x00000000c8e80000, 0x00000000ebe00000)
  object space 86528K, 55% used [0x00000000c3a00000,0x00000000c691c498,0x00000000c8e80000)
 Metaspace       used 41601K, capacity 43154K, committed 43264K, reserved 1087488K
  class space    used 5431K, capacity 5803K, committed 5888K, reserved 1048576K
Event: 16.059 GC heap after
Heap after GC invocations=15 (full 2):
 PSYoungGen      total 61952K, used 8512K [0x00000000ebe00000, 0x00000000f1880000, 0x0000000100000000)
  eden space 51712K, 0% used [0x00000000ebe00000,0x00000000ebe00000,0x00000000ef080000)
  from space 10240K, 83% used [0x00000000ef080000,0x00000000ef8d0010,0x00000000efa80000)
  to   space 10752K, 0% used [0x00000000f0e00000,0x00000000f0e00000,0x00000000f1880000)
 ParOldGen       total 86528K, used 49097K [0x00000000c3a00000, 0x00000000c8e80000, 0x00000000ebe00000)
  object space 86528K, 56% used [0x00000000c3a00000,0x00000000c69f2498,0x00000000c8e80000)
 Metaspace       used 41601K, capacity 43154K, committed 43264K, reserved 1087488K
  class space    used 5431K, capacity 5803K, committed 5888K, reserved 1048576K
}
Event: 16.956 GC heap before
{Heap before GC invocations=16 (full 2):
 PSYoungGen      total 61952K, used 60224K [0x00000000ebe00000, 0x00000000f1880000, 0x0000000100000000)
  eden space 51712K, 100% used [0x00000000ebe00000,0x00000000ef080000,0x00000000ef080000)
  from space 10240K, 83% used [0x00000000ef080000,0x00000000ef8d0010,0x00000000efa80000)
  to   space 10752K, 0% used [0x00000000f0e00000,0x00000000f0e00000,0x00000000f1880000)
 ParOldGen       total 86528K, used 49097K [0x00000000c3a00000, 0x00000000c8e80000, 0x00000000ebe00000)
  object space 86528K, 56% used [0x00000000c3a00000,0x00000000c69f2498,0x00000000c8e80000)
 Metaspace       used 42168K, capacity 43910K, committed 44160K, reserved 1087488K
  class space    used 5494K, capacity 5911K, committed 6016K, reserved 1048576K
Event: 16.996 GC heap after
Heap after GC invocations=16 (full 2):
 PSYoungGen      total 79360K, used 10721K [0x00000000ebe00000, 0x00000000f2080000, 0x0000000100000000)
  eden space 68608K, 0% used [0x00000000ebe00000,0x00000000ebe00000,0x00000000f0100000)
  from space 10752K, 99% used [0x00000000f0e00000,0x00000000f1878620,0x00000000f1880000)
  to   space 13312K, 0% used [0x00000000f0100000,0x00000000f0100000,0x00000000f0e00000)
 ParOldGen       total 86528K, used 51479K [0x00000000c3a00000, 0x00000000c8e80000, 0x00000000ebe00000)
  object space 86528K, 59% used [0x00000000c3a00000,0x00000000c6c45da0,0x00000000c8e80000)
 Metaspace       used 42168K, capacity 43910K, committed 44160K, reserved 1087488K
  class space    used 5494K, capacity 5911K, committed 6016K, reserved 1048576K
}
Event: 17.871 GC heap before
{Heap before GC invocations=17 (full 2):
 PSYoungGen      total 79360K, used 79329K [0x00000000ebe00000, 0x00000000f2080000, 0x0000000100000000)
  eden space 68608K, 100% used [0x00000000ebe00000,0x00000000f0100000,0x00000000f0100000)
  from space 10752K, 99% used [0x00000000f0e00000,0x00000000f1878620,0x00000000f1880000)
  to   space 13312K, 0% used [0x00000000f0100000,0x00000000f0100000,0x00000000f0e00000)
 ParOldGen       total 86528K, used 51479K [0x00000000c3a00000, 0x00000000c8e80000, 0x00000000ebe00000)
  object space 86528K, 59% used [0x00000000c3a00000,0x00000000c6c45da0,0x00000000c8e80000)
 Metaspace       used 42394K, capacity 44154K, committed 44416K, reserved 1087488K
  class space    used 5502K, capacity 5917K, committed 6016K, reserved 1048576K

